11:10:22,53 root INFO ✅ Setup for Fabio done.
11:10:27,843 root INFO We have False number of train records and True number of tree records: Counter({False: 50000, True: 10000})
11:10:28,213 root INFO Point #0 creation
11:10:28,821 root INFO Point #0 explanation
11:17:37,561 root INFO Doing counterfactuals with target point id=6448
11:17:53,779 root WARNING  0.4157450795173645 0.42406612634658813 0.4335317611694336 0.44360771775245667 0.4559449255466461 0.4694600999355316 0.48319002985954285 0.4975030720233917
11:17:56,690 root WARNING  0.40682703256607056 0.4104767441749573 0.41406866908073425 0.41790270805358887 0.4221813380718231 0.42694950103759766 0.4320385456085205 0.4381885528564453 0.44609880447387695 0.45419713854789734 0.46260756254196167 0.47112029790878296 0.47930094599723816 0.4870629906654358 0.4948607385158539
11:18:03,617 root INFO I made 6 counterfactuals.
11:18:03,617 root INFO Doing epsilon-factuals with target point id=6448
11:18:03,617 root WARNING 5 failures for feature 1
11:18:03,617 root WARNING 1 failures for feature 3
11:18:03,770 root WARNING 1 failures for feature 0
11:18:03,771 root WARNING 1 failures for feature 1
11:18:03,946 root WARNING 1 failures for feature 0
11:18:03,947 root WARNING 3 failures for feature 1
11:18:03,947 root WARNING 1 failures for feature 3
11:18:04,91 root WARNING  0.39823830127716064 0.42818471789360046
11:18:04,91 root WARNING 1 failures for feature 1
11:18:04,271 root WARNING 1 failures for feature 0
11:18:04,271 root WARNING 3 failures for feature 1
11:18:04,447 root WARNING 1 failures for feature 0
11:18:04,621 root WARNING 5 failures for feature 1
11:18:04,776 root WARNING  0.3860568702220917 0.4205380976200104 0.4578779637813568
11:18:04,776 root WARNING 5 failures for feature 0
11:18:04,776 root WARNING 2 failures for feature 1
11:18:04,956 root WARNING 2 failures for feature 0
11:18:04,956 root WARNING 15 failures for feature 1
11:18:04,956 root WARNING 1 failures for feature 3
11:18:05,157 root WARNING 1 failures for feature 0
11:18:05,157 root WARNING 9 failures for feature 1
11:18:05,294 root WARNING  0.41990089416503906 0.46375569701194763
11:18:05,294 root INFO I made 3 epsilon-factuals.
11:18:05,295 root INFO Doing factuals with target point id=6448
11:18:05,295 root WARNING 6 failures for feature 1
11:18:05,295 root WARNING 5 failures for feature 2
11:18:05,295 root WARNING 6 failures for feature 3
11:18:05,468 root WARNING 38 failures for feature 1
11:18:05,468 root WARNING 4 failures for feature 2
11:18:05,468 root WARNING 2 failures for feature 3
11:18:05,664 root WARNING 33 failures for feature 1
11:18:05,665 root WARNING 4 failures for feature 2
11:18:05,665 root WARNING 2 failures for feature 3
11:18:05,816 root WARNING  0.27569669485092163 0.4036320745944977
11:18:05,816 root WARNING 4 failures for feature 1
11:18:05,816 root WARNING 3 failures for feature 2
11:18:05,816 root WARNING 1 failures for feature 3
11:18:05,982 root WARNING 49 failures for feature 1
11:18:05,983 root WARNING 2 failures for feature 2
11:18:05,983 root WARNING 15 failures for feature 3
11:18:06,153 root WARNING 1 failures for feature 0
11:18:06,153 root WARNING 6 failures for feature 1
11:18:06,153 root WARNING 2 failures for feature 2
11:18:06,153 root WARNING 1 failures for feature 3
11:18:06,307 root WARNING 7 failures for feature 1
11:18:06,307 root WARNING 4 failures for feature 2
11:18:06,307 root WARNING 1 failures for feature 3
11:18:06,458 root WARNING 2 failures for feature 0
11:18:06,458 root WARNING 38 failures for feature 1
11:18:06,458 root WARNING 7 failures for feature 2
11:18:06,458 root WARNING 7 failures for feature 3
11:18:06,612 root WARNING  0.4098395109176636 0.45635977387428284 0.3476831912994385 0.407682865858078
11:18:06,612 root WARNING 1 failures for feature 0
11:18:06,612 root WARNING 40 failures for feature 1
11:18:06,612 root WARNING 1 failures for feature 2
11:18:06,801 root WARNING 55 failures for feature 1
11:18:06,801 root WARNING 3 failures for feature 2
11:18:06,966 root WARNING 57 failures for feature 1
11:18:06,966 root WARNING 8 failures for feature 2
11:18:06,966 root WARNING 3 failures for feature 3
11:18:07,162 root WARNING 13 failures for feature 1
11:18:07,162 root WARNING 1 failures for feature 2
11:18:07,162 root WARNING 2 failures for feature 3
11:18:07,343 root WARNING 1 failures for feature 0
11:18:07,343 root WARNING 86 failures for feature 1
11:18:07,343 root WARNING 1 failures for feature 2
11:18:07,343 root WARNING 3 failures for feature 3
11:18:07,530 root WARNING 106 failures for feature 1
11:18:07,530 root WARNING 23 failures for feature 2
11:18:07,666 root WARNING  0.45852425694465637 0.37278130650520325 0.29395604133605957 0.2815651595592499 0.34862253069877625
11:18:07,666 root WARNING 1 failures for feature 0
11:18:07,667 root WARNING 104 failures for feature 1
11:18:07,827 root WARNING 1 failures for feature 1
11:18:07,827 root WARNING 5 failures for feature 2
11:18:07,959 root WARNING 1 failures for feature 2
11:18:08,171 root WARNING 36 failures for feature 1
11:18:08,172 root WARNING 9 failures for feature 2
11:18:08,172 root WARNING 1 failures for feature 3
11:18:08,343 root WARNING 34 failures for feature 1
11:18:08,343 root WARNING 1 failures for feature 2
11:18:08,522 root WARNING 2 failures for feature 0
11:18:08,522 root WARNING 95 failures for feature 1
11:18:08,522 root WARNING 9 failures for feature 2
11:18:08,686 root WARNING 1 failures for feature 0
11:18:08,686 root WARNING 84 failures for feature 1
11:18:08,686 root WARNING 7 failures for feature 2
11:18:08,814 root WARNING 1 failures for feature 0
11:18:08,814 root WARNING 6 failures for feature 1
11:18:08,814 root WARNING 3 failures for feature 2
11:18:08,814 root WARNING 5 failures for feature 3
11:18:08,955 root WARNING  0.43884801864624023 0.4308074116706848 0.2226211279630661 0.47328245639801025 0.4201870858669281 0.30157455801963806
11:18:08,955 root WARNING 2 failures for feature 0
11:18:08,955 root WARNING 68 failures for feature 1
11:18:08,955 root WARNING 7 failures for feature 2
11:18:08,955 root WARNING 4 failures for feature 3
11:18:09,117 root WARNING 29 failures for feature 1
11:18:09,232 root WARNING 1 failures for feature 0
11:18:09,232 root WARNING 4 failures for feature 1
11:18:09,232 root WARNING 4 failures for feature 2
11:18:09,232 root WARNING 16 failures for feature 3
11:18:09,367 root WARNING 3 failures for feature 0
11:18:09,367 root WARNING 71 failures for feature 1
11:18:09,368 root WARNING 7 failures for feature 2
11:18:09,368 root WARNING 3 failures for feature 3
11:18:09,560 root WARNING 1 failures for feature 0
11:18:09,560 root WARNING 5 failures for feature 1
11:18:09,560 root WARNING 2 failures for feature 2
11:18:09,756 root WARNING 158 failures for feature 1
11:18:09,756 root WARNING 7 failures for feature 3
11:18:09,934 root WARNING 13 failures for feature 1
11:18:09,934 root WARNING 5 failures for feature 3
11:18:10,144 root WARNING 12 failures for feature 1
11:18:10,145 root WARNING 4 failures for feature 2
11:18:10,145 root WARNING 1 failures for feature 3
11:18:10,356 root WARNING 1 failures for feature 0
11:18:10,356 root WARNING 10 failures for feature 1
11:18:10,356 root WARNING 2 failures for feature 2
11:18:10,356 root WARNING 4 failures for feature 3
11:18:10,484 root WARNING  0.44960448145866394 0.13457611203193665 0.3361362814903259 0.3875744640827179 0.35044199228286743
11:18:10,484 root WARNING 109 failures for feature 1
11:18:10,484 root WARNING 12 failures for feature 2
11:18:10,484 root WARNING 6 failures for feature 3
11:18:10,655 root WARNING 33 failures for feature 1
11:18:10,655 root WARNING 16 failures for feature 2
11:18:10,823 root WARNING  0.3602047860622406
11:18:10,823 root WARNING 1 failures for feature 0
11:18:10,823 root WARNING 10 failures for feature 1
11:18:10,823 root WARNING 2 failures for feature 2
11:18:10,823 root WARNING 7 failures for feature 3
11:18:11,20 root WARNING 6 failures for feature 0
11:18:11,21 root WARNING 21 failures for feature 1
11:18:11,21 root WARNING 1 failures for feature 2
11:18:11,21 root WARNING 1 failures for feature 3
11:18:11,221 root WARNING 203 failures for feature 1
11:18:11,221 root WARNING 8 failures for feature 2
11:18:11,221 root WARNING 1 failures for feature 3
11:18:11,388 root WARNING 103 failures for feature 1
11:18:11,388 root WARNING 5 failures for feature 2
11:18:11,388 root WARNING 2 failures for feature 3
11:18:11,592 root WARNING 4 failures for feature 0
11:18:11,592 root WARNING 7 failures for feature 1
11:18:11,592 root WARNING 3 failures for feature 2
11:18:11,592 root WARNING 3 failures for feature 3
11:18:11,715 root WARNING  0.37125101685523987 0.4649175703525543 0.32199007272720337 0.2752147614955902
11:18:11,715 root WARNING 32 failures for feature 1
11:18:11,716 root WARNING 4 failures for feature 3
11:18:11,907 root WARNING 2 failures for feature 0
11:18:11,908 root WARNING 37 failures for feature 1
11:18:11,908 root WARNING 1 failures for feature 2
11:18:11,908 root WARNING 4 failures for feature 3
11:18:12,74 root WARNING 1 failures for feature 0
11:18:12,75 root WARNING 583 failures for feature 1
11:18:12,75 root WARNING 4 failures for feature 2
11:18:12,75 root WARNING 2 failures for feature 3
11:18:12,218 root WARNING  0.38750526309013367 0.3259167969226837
11:18:12,218 root WARNING 35 failures for feature 1
11:18:12,219 root WARNING 4 failures for feature 2
11:18:12,378 root WARNING 1 failures for feature 0
11:18:12,378 root WARNING 16 failures for feature 1
11:18:12,378 root WARNING 6 failures for feature 2
11:18:12,378 root WARNING 1 failures for feature 3
11:18:12,485 root WARNING  0.4242871403694153
11:18:12,485 root WARNING 3 failures for feature 0
11:18:12,486 root WARNING 81 failures for feature 1
11:18:12,486 root WARNING 2 failures for feature 2
11:18:12,486 root WARNING 7 failures for feature 3
11:18:12,662 root WARNING 7 failures for feature 1
11:18:12,663 root WARNING 6 failures for feature 2
11:18:12,663 root WARNING 2 failures for feature 3
11:18:12,860 root WARNING 44 failures for feature 1
11:18:12,860 root WARNING 4 failures for feature 2
11:18:12,861 root WARNING 5 failures for feature 3
11:18:13,43 root WARNING 10 failures for feature 2
11:18:13,43 root WARNING 8 failures for feature 3
11:18:13,157 root WARNING  0.4258976876735687 0.3241208493709564 0.33711424469947815
11:18:13,158 root WARNING 46 failures for feature 1
11:18:13,158 root WARNING 3 failures for feature 2
11:18:13,158 root WARNING 6 failures for feature 3
11:18:13,349 root WARNING 1 failures for feature 0
11:18:13,349 root WARNING 115 failures for feature 1
11:18:13,349 root WARNING 3 failures for feature 2
11:18:13,349 root WARNING 8 failures for feature 3
11:18:13,512 root WARNING 25 failures for feature 1
11:18:13,684 root WARNING 14 failures for feature 1
11:18:13,685 root WARNING 3 failures for feature 2
11:18:13,832 root WARNING  0.2083064615726471 0.35037535429000854 0.28933873772621155
11:18:13,832 root WARNING 2 failures for feature 0
11:18:13,832 root WARNING 106 failures for feature 1
11:18:13,832 root WARNING 15 failures for feature 2
11:18:13,832 root WARNING 2 failures for feature 3
11:18:13,996 root WARNING 171 failures for feature 1
11:18:13,996 root WARNING 3 failures for feature 2
11:18:13,996 root WARNING 3 failures for feature 3
11:18:14,122 root WARNING  0.09121816605329514
11:18:14,122 root WARNING 10 failures for feature 1
11:18:14,122 root WARNING 2 failures for feature 2
11:18:14,123 root WARNING 2 failures for feature 3
11:18:14,262 root WARNING 1 failures for feature 0
11:18:14,262 root WARNING 2 failures for feature 1
11:18:14,262 root WARNING 1 failures for feature 2
11:18:14,262 root WARNING 3 failures for feature 3
11:18:14,433 root WARNING 1 failures for feature 0
11:18:14,434 root WARNING 57 failures for feature 1
11:18:14,434 root WARNING 1 failures for feature 3
11:18:14,595 root WARNING 14 failures for feature 2
11:18:14,595 root WARNING 3 failures for feature 3
11:18:14,713 root WARNING  0.4611474573612213 0.3032853305339813
11:18:14,713 root WARNING 1 failures for feature 0
11:18:14,713 root WARNING 11 failures for feature 1
11:18:14,713 root WARNING 1 failures for feature 2
11:18:14,713 root WARNING 2 failures for feature 3
11:18:14,859 root WARNING 1 failures for feature 0
11:18:14,859 root WARNING 35 failures for feature 1
11:18:14,860 root WARNING 5 failures for feature 2
11:18:14,860 root WARNING 1 failures for feature 3
11:18:15,48 root WARNING 3 failures for feature 0
11:18:15,48 root WARNING 18 failures for feature 1
11:18:15,48 root WARNING 1 failures for feature 3
11:18:15,217 root WARNING  0.34309637546539307
11:18:15,217 root WARNING 1 failures for feature 0
11:18:15,217 root WARNING 10 failures for feature 1
11:18:15,217 root WARNING 12 failures for feature 2
11:18:15,217 root WARNING 4 failures for feature 3
11:18:15,395 root WARNING 1 failures for feature 0
11:18:15,395 root WARNING 28 failures for feature 1
11:18:15,395 root WARNING 11 failures for feature 2
11:18:15,395 root WARNING 6 failures for feature 3
11:18:15,527 root WARNING 4 failures for feature 1
11:18:15,528 root WARNING 3 failures for feature 2
11:18:15,528 root WARNING 1 failures for feature 3
11:18:15,705 root WARNING 1 failures for feature 0
11:18:15,706 root WARNING 45 failures for feature 1
11:18:15,706 root WARNING 2 failures for feature 2
11:18:15,706 root WARNING 8 failures for feature 3
11:18:15,864 root WARNING 24 failures for feature 1
11:18:15,864 root WARNING 8 failures for feature 2
11:18:15,864 root WARNING 1 failures for feature 3
11:18:15,993 root WARNING  0.32783064246177673 0.47680598497390747 0.2667698860168457 0.4321382939815521
11:18:15,993 root WARNING 124 failures for feature 1
11:18:15,993 root WARNING 18 failures for feature 2
11:18:16,126 root WARNING 7 failures for feature 1
11:18:16,126 root WARNING 19 failures for feature 2
11:18:16,248 root WARNING 1 failures for feature 0
11:18:16,248 root WARNING 41 failures for feature 1
11:18:16,248 root WARNING 5 failures for feature 2
11:18:16,248 root WARNING 4 failures for feature 3
11:18:16,384 root WARNING 2 failures for feature 0
11:18:16,385 root WARNING 30 failures for feature 1
11:18:16,385 root WARNING 3 failures for feature 2
11:18:16,567 root WARNING 20 failures for feature 1
11:18:16,567 root WARNING 6 failures for feature 3
11:18:16,710 root WARNING  0.30895811319351196 0.26870450377464294
11:18:16,710 root WARNING 1 failures for feature 0
11:18:16,711 root WARNING 132 failures for feature 1
11:18:16,711 root WARNING 2 failures for feature 2
11:18:16,901 root WARNING 9 failures for feature 1
11:18:16,901 root WARNING 6 failures for feature 2
11:18:17,45 root WARNING  0.33792465925216675
11:18:17,46 root WARNING 1 failures for feature 0
11:18:17,46 root WARNING 13 failures for feature 1
11:18:17,46 root WARNING 4 failures for feature 2
11:18:17,232 root WARNING 27 failures for feature 1
11:18:17,233 root WARNING 2 failures for feature 2
11:18:17,233 root WARNING 7 failures for feature 3
11:18:17,400 root WARNING 23 failures for feature 1
11:18:17,400 root WARNING 9 failures for feature 2
11:18:17,400 root WARNING 1 failures for feature 3
11:18:17,524 root WARNING  0.373169481754303 0.3522969186306
11:18:17,524 root WARNING 1 failures for feature 0
11:18:17,524 root WARNING 8 failures for feature 1
11:18:17,524 root WARNING 4 failures for feature 2
11:18:17,524 root WARNING 1 failures for feature 3
11:18:17,738 root WARNING 1 failures for feature 0
11:18:17,738 root WARNING 35 failures for feature 1
11:18:17,738 root WARNING 3 failures for feature 2
11:18:17,738 root WARNING 5 failures for feature 3
11:18:17,918 root WARNING 3 failures for feature 0
11:18:17,919 root WARNING 70 failures for feature 1
11:18:17,919 root WARNING 3 failures for feature 2
11:18:18,107 root WARNING 46 failures for feature 1
11:18:18,107 root WARNING 2 failures for feature 2
11:18:18,107 root WARNING 12 failures for feature 3
11:18:18,326 root WARNING 37 failures for feature 1
11:18:18,327 root WARNING 6 failures for feature 2
11:18:18,463 root WARNING  0.23856763541698456 0.4852091372013092 0.2025901824235916 0.23585012555122375
11:18:18,463 root WARNING 1 failures for feature 0
11:18:18,464 root WARNING 89 failures for feature 1
11:18:18,464 root WARNING 4 failures for feature 2
11:18:18,595 root WARNING 1 failures for feature 2
11:18:18,754 root WARNING 1 failures for feature 0
11:18:18,754 root WARNING 20 failures for feature 1
11:18:18,754 root WARNING 13 failures for feature 2
11:18:18,890 root WARNING  0.30886444449424744
11:18:18,890 root WARNING 5 failures for feature 2
11:18:19,94 root WARNING 1 failures for feature 0
11:18:19,94 root WARNING 31 failures for feature 1
11:18:19,94 root WARNING 1 failures for feature 2
11:18:19,94 root WARNING 5 failures for feature 3
11:18:19,231 root WARNING  0.36595532298088074
11:18:19,232 root INFO I made 3 factuals.
